-- The C compiler identification is GNU 11.4.0
-- The CXX compiler identification is GNU 11.4.0
-- Detecting C compiler ABI info
-- Detecting C compiler ABI info - done
-- Check for working C compiler: /usr/bin/cc - skipped
-- Detecting C compile features
-- Detecting C compile features - done
-- Detecting CXX compiler ABI info
-- Detecting CXX compiler ABI info - done
-- Check for working CXX compiler: /usr/bin/c++ - skipped
-- Detecting CXX compile features
-- Detecting CXX compile features - done
-- Found ament_cmake: 1.3.5 (/opt/ros/humble/share/ament_cmake/cmake)
-- Found Python3: /usr/bin/python3.10 (found version "3.10.12") found components: Interpreter 
-- Override CMake install command with custom implementation using symlinks instead of copying resources
-- Found rclcpp: 16.0.5 (/opt/ros/humble/share/rclcpp/cmake)
-- Found rosidl_generator_c: 3.1.5 (/opt/ros/humble/share/rosidl_generator_c/cmake)
-- Found rosidl_adapter: 3.1.5 (/opt/ros/humble/share/rosidl_adapter/cmake)
-- Found rosidl_generator_cpp: 3.1.5 (/opt/ros/humble/share/rosidl_generator_cpp/cmake)
-- Using all available rosidl_typesupport_c: rosidl_typesupport_fastrtps_c;rosidl_typesupport_introspection_c
-- Using all available rosidl_typesupport_cpp: rosidl_typesupport_fastrtps_cpp;rosidl_typesupport_introspection_cpp
-- Found rmw_implementation_cmake: 6.1.1 (/opt/ros/humble/share/rmw_implementation_cmake/cmake)
-- Found rmw_fastrtps_cpp: 6.2.3 (/opt/ros/humble/share/rmw_fastrtps_cpp/cmake)
-- Found OpenSSL: /usr/lib/x86_64-linux-gnu/libcrypto.so (found version "3.0.2")  
-- Found FastRTPS: /opt/ros/humble/include  
-- Using RMW implementation 'rmw_fastrtps_cpp' as default
-- Looking for pthread.h
-- Looking for pthread.h - found
-- Performing Test CMAKE_HAVE_LIBC_PTHREAD
-- Performing Test CMAKE_HAVE_LIBC_PTHREAD - Success
-- Found Threads: TRUE  
-- Found geometry_msgs: 4.2.3 (/opt/ros/humble/share/geometry_msgs/cmake)
-- Found sensor_msgs: 4.2.3 (/opt/ros/humble/share/sensor_msgs/cmake)
-- Found tf2: 0.25.3 (/opt/ros/humble/share/tf2/cmake)
-- Found diagnostic_msgs: 4.2.3 (/opt/ros/humble/share/diagnostic_msgs/cmake)
-- Found ament_lint_auto: 0.12.7 (/opt/ros/humble/share/ament_lint_auto/cmake)
-- Added test 'cppcheck' to perform static code analysis on C / C++ code
-- Configured cppcheck include dirs: /home/sondre/seapath_ssh_ws/src/vortex-seapath-driver/seapath_ros_driver/include
-- Configured cppcheck exclude dirs and/or files: 
-- Added test 'lint_cmake' to check CMake code style
-- Added test 'uncrustify' to check C / C++ code style
-- Configured uncrustify additional arguments: 
-- Added test 'xmllint' to check XML markup files
-- Configuring done
-- Generating done
-- Build files have been written to: /home/sondre/seapath_ssh_ws/src/vortex-seapath-driver/build/seapath_ros_driver
[ 50%] [32mBuilding CXX object CMakeFiles/seapath_ros_driver_node.dir/src/seapath_ros_driver_node.cpp.o[0m
[ 50%] [32mBuilding CXX object CMakeFiles/seapath_ros_driver_node.dir/src/seapath_socket.cpp.o[0m
[ 75%] [32mBuilding CXX object CMakeFiles/seapath_ros_driver_node.dir/src/seapath_ros_driver.cpp.o[0m
[100%] [32m[1mLinking CXX executable seapath_ros_driver_node[0m
[100%] Built target seapath_ros_driver_node
-- Install configuration: "Debug"
-- Execute custom install script
-- Symlinking: /home/sondre/seapath_ssh_ws/src/vortex-seapath-driver/install/seapath_ros_driver/include/seapath_ros_driver.hpp
-- Symlinking: /home/sondre/seapath_ssh_ws/src/vortex-seapath-driver/install/seapath_ros_driver/include/seapath_socket.hpp
-- Symlinking: /home/sondre/seapath_ssh_ws/src/vortex-seapath-driver/install/seapath_ros_driver/share/seapath_ros_driver//launch/driver_launch.yaml
-- Symlinking: /home/sondre/seapath_ssh_ws/src/vortex-seapath-driver/install/seapath_ros_driver/lib/seapath_ros_driver//seapath_ros_driver_node
-- Symlinking: /home/sondre/seapath_ssh_ws/src/vortex-seapath-driver/install/seapath_ros_driver/share/ament_index/resource_index/package_run_dependencies/seapath_ros_driver
-- Symlinking: /home/sondre/seapath_ssh_ws/src/vortex-seapath-driver/install/seapath_ros_driver/share/ament_index/resource_index/parent_prefix_path/seapath_ros_driver
-- Symlinking: /home/sondre/seapath_ssh_ws/src/vortex-seapath-driver/install/seapath_ros_driver/share/seapath_ros_driver/environment/ament_prefix_path.sh
-- Symlinking: /home/sondre/seapath_ssh_ws/src/vortex-seapath-driver/install/seapath_ros_driver/share/seapath_ros_driver/environment/ament_prefix_path.dsv
-- Symlinking: /home/sondre/seapath_ssh_ws/src/vortex-seapath-driver/install/seapath_ros_driver/share/seapath_ros_driver/environment/path.sh
-- Symlinking: /home/sondre/seapath_ssh_ws/src/vortex-seapath-driver/install/seapath_ros_driver/share/seapath_ros_driver/environment/path.dsv
-- Symlinking: /home/sondre/seapath_ssh_ws/src/vortex-seapath-driver/install/seapath_ros_driver/share/seapath_ros_driver/local_setup.bash
-- Symlinking: /home/sondre/seapath_ssh_ws/src/vortex-seapath-driver/install/seapath_ros_driver/share/seapath_ros_driver/local_setup.sh
-- Symlinking: /home/sondre/seapath_ssh_ws/src/vortex-seapath-driver/install/seapath_ros_driver/share/seapath_ros_driver/local_setup.zsh
-- Symlinking: /home/sondre/seapath_ssh_ws/src/vortex-seapath-driver/install/seapath_ros_driver/share/seapath_ros_driver/local_setup.dsv
-- Symlinking: /home/sondre/seapath_ssh_ws/src/vortex-seapath-driver/install/seapath_ros_driver/share/seapath_ros_driver/package.dsv
-- Symlinking: /home/sondre/seapath_ssh_ws/src/vortex-seapath-driver/install/seapath_ros_driver/share/ament_index/resource_index/packages/seapath_ros_driver
-- Symlinking: /home/sondre/seapath_ssh_ws/src/vortex-seapath-driver/install/seapath_ros_driver/share/seapath_ros_driver/cmake/seapath_ros_driverConfig.cmake
-- Symlinking: /home/sondre/seapath_ssh_ws/src/vortex-seapath-driver/install/seapath_ros_driver/share/seapath_ros_driver/cmake/seapath_ros_driverConfig-version.cmake
-- Symlinking: /home/sondre/seapath_ssh_ws/src/vortex-seapath-driver/install/seapath_ros_driver/share/seapath_ros_driver/package.xml
