[0.012s] Invoking command in '/home/sondre/seapath_ssh_ws/src/vortex-seapath-driver/build/seapath_ros_driver': CMAKE_PREFIX_PATH=${CMAKE_PREFIX_PATH}:/opt/ros/humble /usr/bin/cmake /home/sondre/seapath_ssh_ws/src/vortex-seapath-driver/seapath_ros_driver -DCMAKE_BUILD_TYPE=Debug -DAMENT_CMAKE_SYMLINK_INSTALL=1 -DCMAKE_INSTALL_PREFIX=/home/sondre/seapath_ssh_ws/src/vortex-seapath-driver/install/seapath_ros_driver
[0.087s] -- The C compiler identification is GNU 11.4.0
[0.129s] -- The CXX compiler identification is GNU 11.4.0
[0.137s] -- Detecting C compiler ABI info
[0.190s] -- Detecting C compiler ABI info - done
[0.196s] -- Check for working C compiler: /usr/bin/cc - skipped
[0.196s] -- Detecting C compile features
[0.197s] -- Detecting C compile features - done
[0.200s] -- Detecting CXX compiler ABI info
[0.257s] -- Detecting CXX compiler ABI info - done
[0.263s] -- Check for working CXX compiler: /usr/bin/c++ - skipped
[0.263s] -- Detecting CXX compile features
[0.263s] -- Detecting CXX compile features - done
[0.265s] -- Found ament_cmake: 1.3.5 (/opt/ros/humble/share/ament_cmake/cmake)
[0.386s] -- Found Python3: /usr/bin/python3.10 (found version "3.10.12") found components: Interpreter 
[0.447s] -- Override CMake install command with custom implementation using symlinks instead of copying resources
[0.474s] -- Found rclcpp: 16.0.5 (/opt/ros/humble/share/rclcpp/cmake)
[0.512s] -- Found rosidl_generator_c: 3.1.5 (/opt/ros/humble/share/rosidl_generator_c/cmake)
[0.516s] -- Found rosidl_adapter: 3.1.5 (/opt/ros/humble/share/rosidl_adapter/cmake)
[0.524s] -- Found rosidl_generator_cpp: 3.1.5 (/opt/ros/humble/share/rosidl_generator_cpp/cmake)
[0.536s] -- Using all available rosidl_typesupport_c: rosidl_typesupport_fastrtps_c;rosidl_typesupport_introspection_c
[0.553s] -- Using all available rosidl_typesupport_cpp: rosidl_typesupport_fastrtps_cpp;rosidl_typesupport_introspection_cpp
[0.610s] -- Found rmw_implementation_cmake: 6.1.1 (/opt/ros/humble/share/rmw_implementation_cmake/cmake)
[0.613s] -- Found rmw_fastrtps_cpp: 6.2.3 (/opt/ros/humble/share/rmw_fastrtps_cpp/cmake)
[0.695s] -- Found OpenSSL: /usr/lib/x86_64-linux-gnu/libcrypto.so (found version "3.0.2")  
[0.716s] -- Found FastRTPS: /opt/ros/humble/include  
[0.749s] -- Using RMW implementation 'rmw_fastrtps_cpp' as default
[0.758s] -- Looking for pthread.h
[0.815s] -- Looking for pthread.h - found
[0.815s] -- Performing Test CMAKE_HAVE_LIBC_PTHREAD
[0.871s] -- Performing Test CMAKE_HAVE_LIBC_PTHREAD - Success
[0.871s] -- Found Threads: TRUE  
[0.989s] -- Found geometry_msgs: 4.2.3 (/opt/ros/humble/share/geometry_msgs/cmake)
[1.028s] -- Found sensor_msgs: 4.2.3 (/opt/ros/humble/share/sensor_msgs/cmake)
[1.092s] -- Found tf2: 0.25.3 (/opt/ros/humble/share/tf2/cmake)
[1.102s] -- Found diagnostic_msgs: 4.2.3 (/opt/ros/humble/share/diagnostic_msgs/cmake)
[1.141s] -- Found ament_lint_auto: 0.12.7 (/opt/ros/humble/share/ament_lint_auto/cmake)
[1.200s] -- Added test 'cppcheck' to perform static code analysis on C / C++ code
[1.200s] -- Configured cppcheck include dirs: /home/sondre/seapath_ssh_ws/src/vortex-seapath-driver/seapath_ros_driver/include
[1.200s] -- Configured cppcheck exclude dirs and/or files: 
[1.201s] -- Added test 'lint_cmake' to check CMake code style
[1.202s] -- Added test 'uncrustify' to check C / C++ code style
[1.202s] -- Configured uncrustify additional arguments: 
[1.203s] -- Added test 'xmllint' to check XML markup files
[1.204s] -- Configuring done
[1.212s] -- Generating done
[1.213s] -- Build files have been written to: /home/sondre/seapath_ssh_ws/src/vortex-seapath-driver/build/seapath_ros_driver
[1.219s] Invoked command in '/home/sondre/seapath_ssh_ws/src/vortex-seapath-driver/build/seapath_ros_driver' returned '0': CMAKE_PREFIX_PATH=${CMAKE_PREFIX_PATH}:/opt/ros/humble /usr/bin/cmake /home/sondre/seapath_ssh_ws/src/vortex-seapath-driver/seapath_ros_driver -DCMAKE_BUILD_TYPE=Debug -DAMENT_CMAKE_SYMLINK_INSTALL=1 -DCMAKE_INSTALL_PREFIX=/home/sondre/seapath_ssh_ws/src/vortex-seapath-driver/install/seapath_ros_driver
[1.220s] Invoking command in '/home/sondre/seapath_ssh_ws/src/vortex-seapath-driver/build/seapath_ros_driver': CMAKE_PREFIX_PATH=${CMAKE_PREFIX_PATH}:/opt/ros/humble /usr/bin/cmake --build /home/sondre/seapath_ssh_ws/src/vortex-seapath-driver/build/seapath_ros_driver -- -j8 -l8
[1.259s] [ 50%] [32mBuilding CXX object CMakeFiles/seapath_ros_driver_node.dir/src/seapath_ros_driver_node.cpp.o[0m
[1.259s] [ 50%] [32mBuilding CXX object CMakeFiles/seapath_ros_driver_node.dir/src/seapath_socket.cpp.o[0m
[1.259s] [ 75%] [32mBuilding CXX object CMakeFiles/seapath_ros_driver_node.dir/src/seapath_ros_driver.cpp.o[0m
[3.202s] [01m[K/home/sondre/seapath_ssh_ws/src/vortex-seapath-driver/seapath_ros_driver/src/seapath_ros_driver.cpp:[m[K In member function ‘[01m[Kvoid SeaPathRosDriver::publish(KMBinaryData)[m[K’:
[3.202s] [01m[K/home/sondre/seapath_ssh_ws/src/vortex-seapath-driver/seapath_ros_driver/src/seapath_ros_driver.cpp:181:45:[m[K [01;35m[Kwarning: [m[Kunused parameter ‘[01m[Kdata[m[K’ [[01;35m[K]8;;https://gcc.gnu.org/onlinedocs/gcc/Warning-Options.html#index-Wunused-parameter-Wunused-parameter]8;;[m[K]
[3.202s]   181 | void SeaPathRosDriver::publish([01;35m[KKMBinaryData data[m[K) {
[3.202s]       |                                [01;35m[K~~~~~~~~~~~~~^~~~[m[K
[5.926s] [100%] [32m[1mLinking CXX executable seapath_ros_driver_node[0m
[6.130s] [100%] Built target seapath_ros_driver_node
[6.138s] Invoked command in '/home/sondre/seapath_ssh_ws/src/vortex-seapath-driver/build/seapath_ros_driver' returned '0': CMAKE_PREFIX_PATH=${CMAKE_PREFIX_PATH}:/opt/ros/humble /usr/bin/cmake --build /home/sondre/seapath_ssh_ws/src/vortex-seapath-driver/build/seapath_ros_driver -- -j8 -l8
[6.168s] Invoking command in '/home/sondre/seapath_ssh_ws/src/vortex-seapath-driver/build/seapath_ros_driver': CMAKE_PREFIX_PATH=${CMAKE_PREFIX_PATH}:/opt/ros/humble /usr/bin/cmake --install /home/sondre/seapath_ssh_ws/src/vortex-seapath-driver/build/seapath_ros_driver
[6.176s] -- Install configuration: "Debug"
[6.176s] -- Execute custom install script
[6.177s] -- Symlinking: /home/sondre/seapath_ssh_ws/src/vortex-seapath-driver/install/seapath_ros_driver/include/seapath_ros_driver.hpp
[6.184s] -- Symlinking: /home/sondre/seapath_ssh_ws/src/vortex-seapath-driver/install/seapath_ros_driver/include/seapath_socket.hpp
[6.189s] -- Symlinking: /home/sondre/seapath_ssh_ws/src/vortex-seapath-driver/install/seapath_ros_driver/share/seapath_ros_driver//launch/driver_launch.yaml
[6.196s] -- Symlinking: /home/sondre/seapath_ssh_ws/src/vortex-seapath-driver/install/seapath_ros_driver/lib/seapath_ros_driver//seapath_ros_driver_node
[6.201s] -- Symlinking: /home/sondre/seapath_ssh_ws/src/vortex-seapath-driver/install/seapath_ros_driver/share/ament_index/resource_index/package_run_dependencies/seapath_ros_driver
[6.208s] -- Symlinking: /home/sondre/seapath_ssh_ws/src/vortex-seapath-driver/install/seapath_ros_driver/share/ament_index/resource_index/parent_prefix_path/seapath_ros_driver
[6.214s] -- Symlinking: /home/sondre/seapath_ssh_ws/src/vortex-seapath-driver/install/seapath_ros_driver/share/seapath_ros_driver/environment/ament_prefix_path.sh
[6.220s] -- Symlinking: /home/sondre/seapath_ssh_ws/src/vortex-seapath-driver/install/seapath_ros_driver/share/seapath_ros_driver/environment/ament_prefix_path.dsv
[6.227s] -- Symlinking: /home/sondre/seapath_ssh_ws/src/vortex-seapath-driver/install/seapath_ros_driver/share/seapath_ros_driver/environment/path.sh
[6.233s] -- Symlinking: /home/sondre/seapath_ssh_ws/src/vortex-seapath-driver/install/seapath_ros_driver/share/seapath_ros_driver/environment/path.dsv
[6.239s] -- Symlinking: /home/sondre/seapath_ssh_ws/src/vortex-seapath-driver/install/seapath_ros_driver/share/seapath_ros_driver/local_setup.bash
[6.245s] -- Symlinking: /home/sondre/seapath_ssh_ws/src/vortex-seapath-driver/install/seapath_ros_driver/share/seapath_ros_driver/local_setup.sh
[6.251s] -- Symlinking: /home/sondre/seapath_ssh_ws/src/vortex-seapath-driver/install/seapath_ros_driver/share/seapath_ros_driver/local_setup.zsh
[6.257s] -- Symlinking: /home/sondre/seapath_ssh_ws/src/vortex-seapath-driver/install/seapath_ros_driver/share/seapath_ros_driver/local_setup.dsv
[6.263s] -- Symlinking: /home/sondre/seapath_ssh_ws/src/vortex-seapath-driver/install/seapath_ros_driver/share/seapath_ros_driver/package.dsv
[6.269s] -- Symlinking: /home/sondre/seapath_ssh_ws/src/vortex-seapath-driver/install/seapath_ros_driver/share/ament_index/resource_index/packages/seapath_ros_driver
[6.275s] -- Symlinking: /home/sondre/seapath_ssh_ws/src/vortex-seapath-driver/install/seapath_ros_driver/share/seapath_ros_driver/cmake/seapath_ros_driverConfig.cmake
[6.281s] -- Symlinking: /home/sondre/seapath_ssh_ws/src/vortex-seapath-driver/install/seapath_ros_driver/share/seapath_ros_driver/cmake/seapath_ros_driverConfig-version.cmake
[6.286s] -- Symlinking: /home/sondre/seapath_ssh_ws/src/vortex-seapath-driver/install/seapath_ros_driver/share/seapath_ros_driver/package.xml
[6.295s] Invoked command in '/home/sondre/seapath_ssh_ws/src/vortex-seapath-driver/build/seapath_ros_driver' returned '0': CMAKE_PREFIX_PATH=${CMAKE_PREFIX_PATH}:/opt/ros/humble /usr/bin/cmake --install /home/sondre/seapath_ssh_ws/src/vortex-seapath-driver/build/seapath_ros_driver
