[0.011s] Invoking command in '/home/sondre/seapath_ssh_ws/src/vortex-seapath-driver/build/seapath_ros_driver': CMAKE_PREFIX_PATH=${CMAKE_PREFIX_PATH}:/opt/ros/humble /usr/bin/cmake --build /home/sondre/seapath_ssh_ws/src/vortex-seapath-driver/build/seapath_ros_driver -- -j8 -l8
[0.055s] [35m[1mConsolidate compiler generated dependencies of target seapath_ros_driver_node[0m
[0.072s] [ 25%] [32mBuilding CXX object CMakeFiles/seapath_ros_driver_node.dir/src/seapath_ros_driver.cpp.o[0m
[1.883s] [01m[K/home/sondre/seapath_ssh_ws/src/vortex-seapath-driver/seapath_ros_driver/src/seapath_ros_driver.cpp:[m[K In member function ‘[01m[Kvoid SeaPathRosDriver::publish(KMBinaryData)[m[K’:
[1.883s] [01m[K/home/sondre/seapath_ssh_ws/src/vortex-seapath-driver/seapath_ros_driver/src/seapath_ros_driver.cpp:181:45:[m[K [01;35m[Kwarning: [m[Kunused parameter ‘[01m[Kdata[m[K’ [[01;35m[K]8;;https://gcc.gnu.org/onlinedocs/gcc/Warning-Options.html#index-Wunused-parameter-Wunused-parameter]8;;[m[K]
[1.883s]   181 | void SeaPathRosDriver::publish([01;35m[KKMBinaryData data[m[K) {
[1.883s]       |                                [01;35m[K~~~~~~~~~~~~~^~~~[m[K
[4.531s] [ 50%] [32m[1mLinking CXX executable seapath_ros_driver_node[0m
[4.735s] [100%] Built target seapath_ros_driver_node
[4.743s] Invoked command in '/home/sondre/seapath_ssh_ws/src/vortex-seapath-driver/build/seapath_ros_driver' returned '0': CMAKE_PREFIX_PATH=${CMAKE_PREFIX_PATH}:/opt/ros/humble /usr/bin/cmake --build /home/sondre/seapath_ssh_ws/src/vortex-seapath-driver/build/seapath_ros_driver -- -j8 -l8
[4.771s] Invoking command in '/home/sondre/seapath_ssh_ws/src/vortex-seapath-driver/build/seapath_ros_driver': CMAKE_PREFIX_PATH=${CMAKE_PREFIX_PATH}:/opt/ros/humble /usr/bin/cmake --install /home/sondre/seapath_ssh_ws/src/vortex-seapath-driver/build/seapath_ros_driver
[4.778s] -- Install configuration: "Debug"
[4.779s] -- Execute custom install script
[4.779s] -- Up-to-date symlink: /home/sondre/seapath_ssh_ws/src/vortex-seapath-driver/install/seapath_ros_driver/include/seapath_ros_driver.hpp
[4.779s] -- Up-to-date symlink: /home/sondre/seapath_ssh_ws/src/vortex-seapath-driver/install/seapath_ros_driver/include/seapath_socket.hpp
[4.780s] -- Up-to-date symlink: /home/sondre/seapath_ssh_ws/src/vortex-seapath-driver/install/seapath_ros_driver/share/seapath_ros_driver//launch/driver_launch.yaml
[4.780s] -- Up-to-date symlink: /home/sondre/seapath_ssh_ws/src/vortex-seapath-driver/install/seapath_ros_driver/lib/seapath_ros_driver//seapath_ros_driver_node
[4.780s] -- Up-to-date symlink: /home/sondre/seapath_ssh_ws/src/vortex-seapath-driver/install/seapath_ros_driver/share/ament_index/resource_index/package_run_dependencies/seapath_ros_driver
[4.780s] -- Up-to-date symlink: /home/sondre/seapath_ssh_ws/src/vortex-seapath-driver/install/seapath_ros_driver/share/ament_index/resource_index/parent_prefix_path/seapath_ros_driver
[4.780s] -- Up-to-date symlink: /home/sondre/seapath_ssh_ws/src/vortex-seapath-driver/install/seapath_ros_driver/share/seapath_ros_driver/environment/ament_prefix_path.sh
[4.781s] -- Up-to-date symlink: /home/sondre/seapath_ssh_ws/src/vortex-seapath-driver/install/seapath_ros_driver/share/seapath_ros_driver/environment/ament_prefix_path.dsv
[4.781s] -- Up-to-date symlink: /home/sondre/seapath_ssh_ws/src/vortex-seapath-driver/install/seapath_ros_driver/share/seapath_ros_driver/environment/path.sh
[4.781s] -- Up-to-date symlink: /home/sondre/seapath_ssh_ws/src/vortex-seapath-driver/install/seapath_ros_driver/share/seapath_ros_driver/environment/path.dsv
[4.781s] -- Up-to-date symlink: /home/sondre/seapath_ssh_ws/src/vortex-seapath-driver/install/seapath_ros_driver/share/seapath_ros_driver/local_setup.bash
[4.781s] -- Up-to-date symlink: /home/sondre/seapath_ssh_ws/src/vortex-seapath-driver/install/seapath_ros_driver/share/seapath_ros_driver/local_setup.sh
[4.781s] -- Up-to-date symlink: /home/sondre/seapath_ssh_ws/src/vortex-seapath-driver/install/seapath_ros_driver/share/seapath_ros_driver/local_setup.zsh
[4.781s] -- Up-to-date symlink: /home/sondre/seapath_ssh_ws/src/vortex-seapath-driver/install/seapath_ros_driver/share/seapath_ros_driver/local_setup.dsv
[4.781s] -- Symlinking: /home/sondre/seapath_ssh_ws/src/vortex-seapath-driver/install/seapath_ros_driver/share/seapath_ros_driver/package.dsv
[4.788s] -- Up-to-date symlink: /home/sondre/seapath_ssh_ws/src/vortex-seapath-driver/install/seapath_ros_driver/share/ament_index/resource_index/packages/seapath_ros_driver
[4.788s] -- Up-to-date symlink: /home/sondre/seapath_ssh_ws/src/vortex-seapath-driver/install/seapath_ros_driver/share/seapath_ros_driver/cmake/seapath_ros_driverConfig.cmake
[4.788s] -- Up-to-date symlink: /home/sondre/seapath_ssh_ws/src/vortex-seapath-driver/install/seapath_ros_driver/share/seapath_ros_driver/cmake/seapath_ros_driverConfig-version.cmake
[4.788s] -- Up-to-date symlink: /home/sondre/seapath_ssh_ws/src/vortex-seapath-driver/install/seapath_ros_driver/share/seapath_ros_driver/package.xml
[4.790s] Invoked command in '/home/sondre/seapath_ssh_ws/src/vortex-seapath-driver/build/seapath_ros_driver' returned '0': CMAKE_PREFIX_PATH=${CMAKE_PREFIX_PATH}:/opt/ros/humble /usr/bin/cmake --install /home/sondre/seapath_ssh_ws/src/vortex-seapath-driver/build/seapath_ros_driver
