[0.203s] DEBUG:colcon:Command line arguments: ['/usr/bin/colcon', 'build', '--symlink-install', '--parallel-workers', '8', '--event-handlers', 'console_cohesion+', '--base-paths', '/home/sondre/seapath_ssh_ws', '--cmake-args', '-DCMAKE_BUILD_TYPE=Debug']
[0.204s] DEBUG:colcon:Parsed command line arguments: Namespace(log_base=None, log_level=None, verb_name='build', build_base='build', install_base='install', merge_install=False, symlink_install=True, test_result_base=None, continue_on_error=False, executor='parallel', parallel_workers=8, event_handlers=['console_cohesion+'], ignore_user_meta=False, metas=['./colcon.meta'], base_paths=['/home/sondre/seapath_ssh_ws'], packages_ignore=None, packages_ignore_regex=None, paths=None, packages_up_to=None, packages_up_to_regex=None, packages_above=None, packages_above_and_dependencies=None, packages_above_depth=None, packages_select_by_dep=None, packages_skip_by_dep=None, packages_skip_up_to=None, packages_select_build_failed=False, packages_skip_build_finished=False, packages_select_test_failures=False, packages_skip_test_passed=False, packages_select=None, packages_skip=None, packages_select_regex=None, packages_skip_regex=None, packages_start=None, packages_end=None, allow_overriding=[], cmake_args=['-DCMAKE_BUILD_TYPE=Debug'], cmake_target=None, cmake_target_skip_unavailable=False, cmake_clean_cache=False, cmake_clean_first=False, cmake_force_configure=False, ament_cmake_args=None, catkin_cmake_args=None, catkin_skip_building_tests=False, verb_parser=<colcon_defaults.argument_parser.defaults.DefaultArgumentsDecorator object at 0x7f6f721e9060>, verb_extension=<colcon_core.verb.build.BuildVerb object at 0x7f6f729ee080>, main=<bound method BuildVerb.main of <colcon_core.verb.build.BuildVerb object at 0x7f6f729ee080>>)
[0.226s] Level 1:colcon.colcon_core.package_discovery:discover_packages(colcon_meta) check parameters
[0.226s] Level 1:colcon.colcon_core.package_discovery:discover_packages(recursive) check parameters
[0.226s] Level 1:colcon.colcon_core.package_discovery:discover_packages(ignore) check parameters
[0.226s] Level 1:colcon.colcon_core.package_discovery:discover_packages(path) check parameters
[0.226s] Level 1:colcon.colcon_core.package_discovery:discover_packages(recursive) discover
[0.226s] INFO:colcon.colcon_core.package_discovery:Crawling recursively for packages in '/home/sondre/seapath_ssh_ws'
[0.226s] Level 1:colcon.colcon_core.package_identification:_identify(/home/sondre/seapath_ssh_ws) by extensions ['ignore', 'ignore_ament_install']
[0.226s] Level 1:colcon.colcon_core.package_identification:_identify(/home/sondre/seapath_ssh_ws) by extension 'ignore'
[0.226s] Level 1:colcon.colcon_core.package_identification:_identify(/home/sondre/seapath_ssh_ws) by extension 'ignore_ament_install'
[0.226s] Level 1:colcon.colcon_core.package_identification:_identify(/home/sondre/seapath_ssh_ws) by extensions ['colcon_pkg']
[0.226s] Level 1:colcon.colcon_core.package_identification:_identify(/home/sondre/seapath_ssh_ws) by extension 'colcon_pkg'
[0.226s] Level 1:colcon.colcon_core.package_identification:_identify(/home/sondre/seapath_ssh_ws) by extensions ['colcon_meta']
[0.227s] Level 1:colcon.colcon_core.package_identification:_identify(/home/sondre/seapath_ssh_ws) by extension 'colcon_meta'
[0.227s] Level 1:colcon.colcon_core.package_identification:_identify(/home/sondre/seapath_ssh_ws) by extensions ['ros']
[0.227s] Level 1:colcon.colcon_core.package_identification:_identify(/home/sondre/seapath_ssh_ws) by extension 'ros'
[0.234s] Level 1:colcon.colcon_core.package_identification:_identify(/home/sondre/seapath_ssh_ws) by extensions ['cmake', 'python']
[0.235s] Level 1:colcon.colcon_core.package_identification:_identify(/home/sondre/seapath_ssh_ws) by extension 'cmake'
[0.235s] Level 1:colcon.colcon_core.package_identification:_identify(/home/sondre/seapath_ssh_ws) by extension 'python'
[0.235s] Level 1:colcon.colcon_core.package_identification:_identify(/home/sondre/seapath_ssh_ws) by extensions ['python_setup_py']
[0.235s] Level 1:colcon.colcon_core.package_identification:_identify(/home/sondre/seapath_ssh_ws) by extension 'python_setup_py'
[0.235s] Level 1:colcon.colcon_core.package_identification:_identify(/home/sondre/seapath_ssh_ws/build) by extensions ['ignore', 'ignore_ament_install']
[0.235s] Level 1:colcon.colcon_core.package_identification:_identify(/home/sondre/seapath_ssh_ws/build) by extension 'ignore'
[0.235s] Level 1:colcon.colcon_core.package_identification:_identify(/home/sondre/seapath_ssh_ws/build) ignored
[0.235s] Level 1:colcon.colcon_core.package_identification:_identify(/home/sondre/seapath_ssh_ws/install) by extensions ['ignore', 'ignore_ament_install']
[0.235s] Level 1:colcon.colcon_core.package_identification:_identify(/home/sondre/seapath_ssh_ws/install) by extension 'ignore'
[0.235s] Level 1:colcon.colcon_core.package_identification:_identify(/home/sondre/seapath_ssh_ws/install) ignored
[0.235s] Level 1:colcon.colcon_core.package_identification:_identify(/home/sondre/seapath_ssh_ws/log) by extensions ['ignore', 'ignore_ament_install']
[0.235s] Level 1:colcon.colcon_core.package_identification:_identify(/home/sondre/seapath_ssh_ws/log) by extension 'ignore'
[0.235s] Level 1:colcon.colcon_core.package_identification:_identify(/home/sondre/seapath_ssh_ws/log) ignored
[0.235s] Level 1:colcon.colcon_core.package_identification:_identify(/home/sondre/seapath_ssh_ws/src) by extensions ['ignore', 'ignore_ament_install']
[0.235s] Level 1:colcon.colcon_core.package_identification:_identify(/home/sondre/seapath_ssh_ws/src) by extension 'ignore'
[0.235s] Level 1:colcon.colcon_core.package_identification:_identify(/home/sondre/seapath_ssh_ws/src) by extension 'ignore_ament_install'
[0.235s] Level 1:colcon.colcon_core.package_identification:_identify(/home/sondre/seapath_ssh_ws/src) by extensions ['colcon_pkg']
[0.235s] Level 1:colcon.colcon_core.package_identification:_identify(/home/sondre/seapath_ssh_ws/src) by extension 'colcon_pkg'
[0.235s] Level 1:colcon.colcon_core.package_identification:_identify(/home/sondre/seapath_ssh_ws/src) by extensions ['colcon_meta']
[0.235s] Level 1:colcon.colcon_core.package_identification:_identify(/home/sondre/seapath_ssh_ws/src) by extension 'colcon_meta'
[0.235s] Level 1:colcon.colcon_core.package_identification:_identify(/home/sondre/seapath_ssh_ws/src) by extensions ['ros']
[0.235s] Level 1:colcon.colcon_core.package_identification:_identify(/home/sondre/seapath_ssh_ws/src) by extension 'ros'
[0.236s] Level 1:colcon.colcon_core.package_identification:_identify(/home/sondre/seapath_ssh_ws/src) by extensions ['cmake', 'python']
[0.236s] Level 1:colcon.colcon_core.package_identification:_identify(/home/sondre/seapath_ssh_ws/src) by extension 'cmake'
[0.236s] Level 1:colcon.colcon_core.package_identification:_identify(/home/sondre/seapath_ssh_ws/src) by extension 'python'
[0.236s] Level 1:colcon.colcon_core.package_identification:_identify(/home/sondre/seapath_ssh_ws/src) by extensions ['python_setup_py']
[0.236s] Level 1:colcon.colcon_core.package_identification:_identify(/home/sondre/seapath_ssh_ws/src) by extension 'python_setup_py'
[0.236s] Level 1:colcon.colcon_core.package_identification:_identify(/home/sondre/seapath_ssh_ws/src/vortex-seapath-driver) by extensions ['ignore', 'ignore_ament_install']
[0.236s] Level 1:colcon.colcon_core.package_identification:_identify(/home/sondre/seapath_ssh_ws/src/vortex-seapath-driver) by extension 'ignore'
[0.236s] Level 1:colcon.colcon_core.package_identification:_identify(/home/sondre/seapath_ssh_ws/src/vortex-seapath-driver) by extension 'ignore_ament_install'
[0.236s] Level 1:colcon.colcon_core.package_identification:_identify(/home/sondre/seapath_ssh_ws/src/vortex-seapath-driver) by extensions ['colcon_pkg']
[0.236s] Level 1:colcon.colcon_core.package_identification:_identify(/home/sondre/seapath_ssh_ws/src/vortex-seapath-driver) by extension 'colcon_pkg'
[0.236s] Level 1:colcon.colcon_core.package_identification:_identify(/home/sondre/seapath_ssh_ws/src/vortex-seapath-driver) by extensions ['colcon_meta']
[0.236s] Level 1:colcon.colcon_core.package_identification:_identify(/home/sondre/seapath_ssh_ws/src/vortex-seapath-driver) by extension 'colcon_meta'
[0.236s] Level 1:colcon.colcon_core.package_identification:_identify(/home/sondre/seapath_ssh_ws/src/vortex-seapath-driver) by extensions ['ros']
[0.236s] Level 1:colcon.colcon_core.package_identification:_identify(/home/sondre/seapath_ssh_ws/src/vortex-seapath-driver) by extension 'ros'
[0.236s] Level 1:colcon.colcon_core.package_identification:_identify(/home/sondre/seapath_ssh_ws/src/vortex-seapath-driver) by extensions ['cmake', 'python']
[0.236s] Level 1:colcon.colcon_core.package_identification:_identify(/home/sondre/seapath_ssh_ws/src/vortex-seapath-driver) by extension 'cmake'
[0.236s] Level 1:colcon.colcon_core.package_identification:_identify(/home/sondre/seapath_ssh_ws/src/vortex-seapath-driver) by extension 'python'
[0.236s] Level 1:colcon.colcon_core.package_identification:_identify(/home/sondre/seapath_ssh_ws/src/vortex-seapath-driver) by extensions ['python_setup_py']
[0.236s] Level 1:colcon.colcon_core.package_identification:_identify(/home/sondre/seapath_ssh_ws/src/vortex-seapath-driver) by extension 'python_setup_py'
[0.236s] Level 1:colcon.colcon_core.package_identification:_identify(/home/sondre/seapath_ssh_ws/src/vortex-seapath-driver/build) by extensions ['ignore', 'ignore_ament_install']
[0.236s] Level 1:colcon.colcon_core.package_identification:_identify(/home/sondre/seapath_ssh_ws/src/vortex-seapath-driver/build) by extension 'ignore'
[0.236s] Level 1:colcon.colcon_core.package_identification:_identify(/home/sondre/seapath_ssh_ws/src/vortex-seapath-driver/build) ignored
[0.237s] Level 1:colcon.colcon_core.package_identification:_identify(/home/sondre/seapath_ssh_ws/src/vortex-seapath-driver/install) by extensions ['ignore', 'ignore_ament_install']
[0.237s] Level 1:colcon.colcon_core.package_identification:_identify(/home/sondre/seapath_ssh_ws/src/vortex-seapath-driver/install) by extension 'ignore'
[0.237s] Level 1:colcon.colcon_core.package_identification:_identify(/home/sondre/seapath_ssh_ws/src/vortex-seapath-driver/install) ignored
[0.237s] Level 1:colcon.colcon_core.package_identification:_identify(/home/sondre/seapath_ssh_ws/src/vortex-seapath-driver/log) by extensions ['ignore', 'ignore_ament_install']
[0.237s] Level 1:colcon.colcon_core.package_identification:_identify(/home/sondre/seapath_ssh_ws/src/vortex-seapath-driver/log) by extension 'ignore'
[0.237s] Level 1:colcon.colcon_core.package_identification:_identify(/home/sondre/seapath_ssh_ws/src/vortex-seapath-driver/log) ignored
[0.237s] Level 1:colcon.colcon_core.package_identification:_identify(/home/sondre/seapath_ssh_ws/src/vortex-seapath-driver/seapath_ros_driver) by extensions ['ignore', 'ignore_ament_install']
[0.237s] Level 1:colcon.colcon_core.package_identification:_identify(/home/sondre/seapath_ssh_ws/src/vortex-seapath-driver/seapath_ros_driver) by extension 'ignore'
[0.237s] Level 1:colcon.colcon_core.package_identification:_identify(/home/sondre/seapath_ssh_ws/src/vortex-seapath-driver/seapath_ros_driver) by extension 'ignore_ament_install'
[0.237s] Level 1:colcon.colcon_core.package_identification:_identify(/home/sondre/seapath_ssh_ws/src/vortex-seapath-driver/seapath_ros_driver) by extensions ['colcon_pkg']
[0.237s] Level 1:colcon.colcon_core.package_identification:_identify(/home/sondre/seapath_ssh_ws/src/vortex-seapath-driver/seapath_ros_driver) by extension 'colcon_pkg'
[0.237s] Level 1:colcon.colcon_core.package_identification:_identify(/home/sondre/seapath_ssh_ws/src/vortex-seapath-driver/seapath_ros_driver) by extensions ['colcon_meta']
[0.237s] Level 1:colcon.colcon_core.package_identification:_identify(/home/sondre/seapath_ssh_ws/src/vortex-seapath-driver/seapath_ros_driver) by extension 'colcon_meta'
[0.237s] Level 1:colcon.colcon_core.package_identification:_identify(/home/sondre/seapath_ssh_ws/src/vortex-seapath-driver/seapath_ros_driver) by extensions ['ros']
[0.237s] Level 1:colcon.colcon_core.package_identification:_identify(/home/sondre/seapath_ssh_ws/src/vortex-seapath-driver/seapath_ros_driver) by extension 'ros'
[0.240s] DEBUG:colcon.colcon_core.package_identification:Package '/home/sondre/seapath_ssh_ws/src/vortex-seapath-driver/seapath_ros_driver' with type 'ros.ament_cmake' and name 'seapath_ros_driver'
[0.240s] Level 1:colcon.colcon_core.package_discovery:discover_packages(recursive) using defaults
[0.257s] Level 1:colcon.colcon_core.package_discovery:discover_packages(prefix_path) check parameters
[0.257s] Level 1:colcon.colcon_core.package_discovery:discover_packages(prefix_path) discover
[0.259s] DEBUG:colcon.colcon_installed_package_information.package_discovery:Found 1 installed packages in /home/sondre/seapath_ssh_ws/install
[0.261s] DEBUG:colcon.colcon_installed_package_information.package_discovery:Found 284 installed packages in /opt/ros/humble
[0.262s] Level 1:colcon.colcon_core.package_discovery:discover_packages(prefix_path) using defaults
[0.308s] Level 5:colcon.colcon_core.verb:set package 'seapath_ros_driver' build argument 'cmake_args' from command line to '['-DCMAKE_BUILD_TYPE=Debug']'
[0.308s] Level 5:colcon.colcon_core.verb:set package 'seapath_ros_driver' build argument 'cmake_target' from command line to 'None'
[0.308s] Level 5:colcon.colcon_core.verb:set package 'seapath_ros_driver' build argument 'cmake_target_skip_unavailable' from command line to 'False'
[0.308s] Level 5:colcon.colcon_core.verb:set package 'seapath_ros_driver' build argument 'cmake_clean_cache' from command line to 'False'
[0.308s] Level 5:colcon.colcon_core.verb:set package 'seapath_ros_driver' build argument 'cmake_clean_first' from command line to 'False'
[0.308s] Level 5:colcon.colcon_core.verb:set package 'seapath_ros_driver' build argument 'cmake_force_configure' from command line to 'False'
[0.308s] Level 5:colcon.colcon_core.verb:set package 'seapath_ros_driver' build argument 'ament_cmake_args' from command line to 'None'
[0.308s] Level 5:colcon.colcon_core.verb:set package 'seapath_ros_driver' build argument 'catkin_cmake_args' from command line to 'None'
[0.308s] Level 5:colcon.colcon_core.verb:set package 'seapath_ros_driver' build argument 'catkin_skip_building_tests' from command line to 'False'
[0.308s] DEBUG:colcon.colcon_core.verb:Building package 'seapath_ros_driver' with the following arguments: {'ament_cmake_args': None, 'build_base': '/home/sondre/seapath_ssh_ws/src/vortex-seapath-driver/build/seapath_ros_driver', 'catkin_cmake_args': None, 'catkin_skip_building_tests': False, 'cmake_args': ['-DCMAKE_BUILD_TYPE=Debug'], 'cmake_clean_cache': False, 'cmake_clean_first': False, 'cmake_force_configure': False, 'cmake_target': None, 'cmake_target_skip_unavailable': False, 'install_base': '/home/sondre/seapath_ssh_ws/src/vortex-seapath-driver/install/seapath_ros_driver', 'merge_install': False, 'path': '/home/sondre/seapath_ssh_ws/src/vortex-seapath-driver/seapath_ros_driver', 'symlink_install': True, 'test_result_base': None}
[0.309s] INFO:colcon.colcon_core.executor:Executing jobs using 'parallel' executor
[0.311s] DEBUG:colcon.colcon_parallel_executor.executor.parallel:run_until_complete
[0.311s] INFO:colcon.colcon_ros.task.ament_cmake.build:Building ROS package in '/home/sondre/seapath_ssh_ws/src/vortex-seapath-driver/seapath_ros_driver' with build type 'ament_cmake'
[0.311s] INFO:colcon.colcon_cmake.task.cmake.build:Building CMake package in '/home/sondre/seapath_ssh_ws/src/vortex-seapath-driver/seapath_ros_driver'
[0.314s] INFO:colcon.colcon_core.plugin_system:Skipping extension 'colcon_core.shell.bat': Not used on non-Windows systems
[0.314s] INFO:colcon.colcon_core.shell:Skip shell extension 'powershell' for command environment: Not usable outside of PowerShell
[0.314s] DEBUG:colcon.colcon_core.shell:Skip shell extension 'dsv' for command environment
[0.323s] DEBUG:colcon.colcon_core.event_handler.log_command:Invoking command in '/home/sondre/seapath_ssh_ws/src/vortex-seapath-driver/build/seapath_ros_driver': CMAKE_PREFIX_PATH=${CMAKE_PREFIX_PATH}:/opt/ros/humble /usr/bin/cmake --build /home/sondre/seapath_ssh_ws/src/vortex-seapath-driver/build/seapath_ros_driver -- -j8 -l8
[5.055s] DEBUG:colcon.colcon_core.event_handler.log_command:Invoked command in '/home/sondre/seapath_ssh_ws/src/vortex-seapath-driver/build/seapath_ros_driver' returned '0': CMAKE_PREFIX_PATH=${CMAKE_PREFIX_PATH}:/opt/ros/humble /usr/bin/cmake --build /home/sondre/seapath_ssh_ws/src/vortex-seapath-driver/build/seapath_ros_driver -- -j8 -l8
[5.083s] DEBUG:colcon.colcon_core.event_handler.log_command:Invoking command in '/home/sondre/seapath_ssh_ws/src/vortex-seapath-driver/build/seapath_ros_driver': CMAKE_PREFIX_PATH=${CMAKE_PREFIX_PATH}:/opt/ros/humble /usr/bin/cmake --install /home/sondre/seapath_ssh_ws/src/vortex-seapath-driver/build/seapath_ros_driver
[5.101s] Level 1:colcon.colcon_core.environment:create_environment_scripts_only(seapath_ros_driver)
[5.102s] DEBUG:colcon.colcon_core.event_handler.log_command:Invoked command in '/home/sondre/seapath_ssh_ws/src/vortex-seapath-driver/build/seapath_ros_driver' returned '0': CMAKE_PREFIX_PATH=${CMAKE_PREFIX_PATH}:/opt/ros/humble /usr/bin/cmake --install /home/sondre/seapath_ssh_ws/src/vortex-seapath-driver/build/seapath_ros_driver
[5.105s] Level 1:colcon.colcon_core.environment:checking '/home/sondre/seapath_ssh_ws/src/vortex-seapath-driver/install/seapath_ros_driver' for CMake module files
[5.105s] Level 1:colcon.colcon_core.environment:checking '/home/sondre/seapath_ssh_ws/src/vortex-seapath-driver/install/seapath_ros_driver' for CMake config files
[5.105s] Level 1:colcon.colcon_core.shell:create_environment_hook('seapath_ros_driver', 'cmake_prefix_path')
[5.107s] INFO:colcon.colcon_core.shell:Creating environment hook '/home/sondre/seapath_ssh_ws/src/vortex-seapath-driver/install/seapath_ros_driver/share/seapath_ros_driver/hook/cmake_prefix_path.ps1'
[5.107s] INFO:colcon.colcon_core.shell:Creating environment descriptor '/home/sondre/seapath_ssh_ws/src/vortex-seapath-driver/install/seapath_ros_driver/share/seapath_ros_driver/hook/cmake_prefix_path.dsv'
[5.108s] INFO:colcon.colcon_core.shell:Creating environment hook '/home/sondre/seapath_ssh_ws/src/vortex-seapath-driver/install/seapath_ros_driver/share/seapath_ros_driver/hook/cmake_prefix_path.sh'
[5.108s] Level 1:colcon.colcon_core.environment:checking '/home/sondre/seapath_ssh_ws/src/vortex-seapath-driver/install/seapath_ros_driver/lib'
[5.109s] Level 1:colcon.colcon_core.environment:checking '/home/sondre/seapath_ssh_ws/src/vortex-seapath-driver/install/seapath_ros_driver/bin'
[5.109s] Level 1:colcon.colcon_core.environment:checking '/home/sondre/seapath_ssh_ws/src/vortex-seapath-driver/install/seapath_ros_driver/lib/pkgconfig/seapath_ros_driver.pc'
[5.109s] Level 1:colcon.colcon_core.environment:checking '/home/sondre/seapath_ssh_ws/src/vortex-seapath-driver/install/seapath_ros_driver/lib/python3.10/site-packages'
[5.109s] Level 1:colcon.colcon_core.environment:checking '/home/sondre/seapath_ssh_ws/src/vortex-seapath-driver/install/seapath_ros_driver/bin'
[5.110s] INFO:colcon.colcon_core.shell:Creating package script '/home/sondre/seapath_ssh_ws/src/vortex-seapath-driver/install/seapath_ros_driver/share/seapath_ros_driver/package.ps1'
[5.111s] INFO:colcon.colcon_core.shell:Creating package descriptor '/home/sondre/seapath_ssh_ws/src/vortex-seapath-driver/install/seapath_ros_driver/share/seapath_ros_driver/package.dsv'
[5.111s] INFO:colcon.colcon_core.shell:Creating package script '/home/sondre/seapath_ssh_ws/src/vortex-seapath-driver/install/seapath_ros_driver/share/seapath_ros_driver/package.sh'
[5.112s] INFO:colcon.colcon_core.shell:Creating package script '/home/sondre/seapath_ssh_ws/src/vortex-seapath-driver/install/seapath_ros_driver/share/seapath_ros_driver/package.bash'
[5.112s] INFO:colcon.colcon_core.shell:Creating package script '/home/sondre/seapath_ssh_ws/src/vortex-seapath-driver/install/seapath_ros_driver/share/seapath_ros_driver/package.zsh'
[5.112s] Level 1:colcon.colcon_core.environment:create_file_with_runtime_dependencies(/home/sondre/seapath_ssh_ws/src/vortex-seapath-driver/install/seapath_ros_driver/share/colcon-core/packages/seapath_ros_driver)
[5.135s] Level 1:colcon.colcon_core.environment:create_environment_scripts_only(seapath_ros_driver)
[5.136s] Level 1:colcon.colcon_core.environment:checking '/home/sondre/seapath_ssh_ws/src/vortex-seapath-driver/install/seapath_ros_driver' for CMake module files
[5.137s] Level 1:colcon.colcon_core.environment:checking '/home/sondre/seapath_ssh_ws/src/vortex-seapath-driver/install/seapath_ros_driver' for CMake config files
[5.137s] Level 1:colcon.colcon_core.shell:create_environment_hook('seapath_ros_driver', 'cmake_prefix_path')
[5.138s] INFO:colcon.colcon_core.shell:Creating environment hook '/home/sondre/seapath_ssh_ws/src/vortex-seapath-driver/install/seapath_ros_driver/share/seapath_ros_driver/hook/cmake_prefix_path.ps1'
[5.138s] INFO:colcon.colcon_core.shell:Creating environment descriptor '/home/sondre/seapath_ssh_ws/src/vortex-seapath-driver/install/seapath_ros_driver/share/seapath_ros_driver/hook/cmake_prefix_path.dsv'
[5.139s] INFO:colcon.colcon_core.shell:Creating environment hook '/home/sondre/seapath_ssh_ws/src/vortex-seapath-driver/install/seapath_ros_driver/share/seapath_ros_driver/hook/cmake_prefix_path.sh'
[5.139s] Level 1:colcon.colcon_core.environment:checking '/home/sondre/seapath_ssh_ws/src/vortex-seapath-driver/install/seapath_ros_driver/lib'
[5.139s] Level 1:colcon.colcon_core.environment:checking '/home/sondre/seapath_ssh_ws/src/vortex-seapath-driver/install/seapath_ros_driver/bin'
[5.139s] Level 1:colcon.colcon_core.environment:checking '/home/sondre/seapath_ssh_ws/src/vortex-seapath-driver/install/seapath_ros_driver/lib/pkgconfig/seapath_ros_driver.pc'
[5.139s] Level 1:colcon.colcon_core.environment:checking '/home/sondre/seapath_ssh_ws/src/vortex-seapath-driver/install/seapath_ros_driver/lib/python3.10/site-packages'
[5.139s] Level 1:colcon.colcon_core.environment:checking '/home/sondre/seapath_ssh_ws/src/vortex-seapath-driver/install/seapath_ros_driver/bin'
[5.141s] INFO:colcon.colcon_core.shell:Creating package script '/home/sondre/seapath_ssh_ws/src/vortex-seapath-driver/install/seapath_ros_driver/share/seapath_ros_driver/package.ps1'
[5.141s] INFO:colcon.colcon_core.shell:Creating package descriptor '/home/sondre/seapath_ssh_ws/src/vortex-seapath-driver/install/seapath_ros_driver/share/seapath_ros_driver/package.dsv'
[5.142s] INFO:colcon.colcon_core.shell:Creating package script '/home/sondre/seapath_ssh_ws/src/vortex-seapath-driver/install/seapath_ros_driver/share/seapath_ros_driver/package.sh'
[5.142s] INFO:colcon.colcon_core.shell:Creating package script '/home/sondre/seapath_ssh_ws/src/vortex-seapath-driver/install/seapath_ros_driver/share/seapath_ros_driver/package.bash'
[5.142s] INFO:colcon.colcon_core.shell:Creating package script '/home/sondre/seapath_ssh_ws/src/vortex-seapath-driver/install/seapath_ros_driver/share/seapath_ros_driver/package.zsh'
[5.142s] Level 1:colcon.colcon_core.environment:create_file_with_runtime_dependencies(/home/sondre/seapath_ssh_ws/src/vortex-seapath-driver/install/seapath_ros_driver/share/colcon-core/packages/seapath_ros_driver)
[5.143s] DEBUG:colcon.colcon_parallel_executor.executor.parallel:closing loop
[5.143s] DEBUG:colcon.colcon_parallel_executor.executor.parallel:loop closed
[5.143s] DEBUG:colcon.colcon_parallel_executor.executor.parallel:run_until_complete finished with '0'
[5.143s] DEBUG:colcon.colcon_core.event_reactor:joining thread
[5.148s] INFO:colcon.colcon_core.plugin_system:Skipping extension 'colcon_notification.desktop_notification.terminal_notifier': Not used on non-Darwin systems
[5.148s] INFO:colcon.colcon_core.plugin_system:Skipping extension 'colcon_notification.desktop_notification.win32': Not used on non-Windows systems
[5.148s] INFO:colcon.colcon_notification.desktop_notification:Sending desktop notification using 'notify2'
[5.157s] DEBUG:colcon.colcon_core.event_reactor:joined thread
[5.158s] INFO:colcon.colcon_core.shell:Creating prefix script '/home/sondre/seapath_ssh_ws/src/vortex-seapath-driver/install/local_setup.ps1'
[5.159s] INFO:colcon.colcon_core.shell:Creating prefix util module '/home/sondre/seapath_ssh_ws/src/vortex-seapath-driver/install/_local_setup_util_ps1.py'
[5.160s] INFO:colcon.colcon_core.shell:Creating prefix chain script '/home/sondre/seapath_ssh_ws/src/vortex-seapath-driver/install/setup.ps1'
[5.161s] INFO:colcon.colcon_core.shell:Creating prefix script '/home/sondre/seapath_ssh_ws/src/vortex-seapath-driver/install/local_setup.sh'
[5.162s] INFO:colcon.colcon_core.shell:Creating prefix util module '/home/sondre/seapath_ssh_ws/src/vortex-seapath-driver/install/_local_setup_util_sh.py'
[5.162s] INFO:colcon.colcon_core.shell:Creating prefix chain script '/home/sondre/seapath_ssh_ws/src/vortex-seapath-driver/install/setup.sh'
[5.163s] INFO:colcon.colcon_core.shell:Creating prefix script '/home/sondre/seapath_ssh_ws/src/vortex-seapath-driver/install/local_setup.bash'
[5.164s] INFO:colcon.colcon_core.shell:Creating prefix chain script '/home/sondre/seapath_ssh_ws/src/vortex-seapath-driver/install/setup.bash'
[5.165s] INFO:colcon.colcon_core.shell:Creating prefix script '/home/sondre/seapath_ssh_ws/src/vortex-seapath-driver/install/local_setup.zsh'
[5.165s] INFO:colcon.colcon_core.shell:Creating prefix chain script '/home/sondre/seapath_ssh_ws/src/vortex-seapath-driver/install/setup.zsh'
